Traceback (most recent call last):
  File "C:\Users\Sean\anaconda3\lib\site-packages\jupyter_cache\executors\utils.py", line 51, in single_nb_execution
    executenb(
  File "C:\Users\Sean\anaconda3\lib\site-packages\nbclient\client.py", line 1204, in execute
    return NotebookClient(nb=nb, resources=resources, km=km, **kwargs).execute()
  File "C:\Users\Sean\anaconda3\lib\site-packages\nbclient\util.py", line 84, in wrapped
    return just_run(coro(*args, **kwargs))
  File "C:\Users\Sean\anaconda3\lib\site-packages\nbclient\util.py", line 62, in just_run
    return loop.run_until_complete(coro)
  File "C:\Users\Sean\anaconda3\lib\asyncio\base_events.py", line 616, in run_until_complete
    return future.result()
  File "C:\Users\Sean\anaconda3\lib\site-packages\nbclient\client.py", line 663, in async_execute
    await self.async_execute_cell(
  File "C:\Users\Sean\anaconda3\lib\site-packages\nbclient\client.py", line 965, in async_execute_cell
    await self._check_raise_for_error(cell, cell_index, exec_reply)
  File "C:\Users\Sean\anaconda3\lib\site-packages\nbclient\client.py", line 862, in _check_raise_for_error
    raise CellExecutionError.from_cell_and_msg(cell, exec_reply_content)
nbclient.exceptions.CellExecutionError: An error occurred while executing the following cell:
------------------
x=titanic.groupby('Age').count().loc[:, 'Fare'].index.values
y=titanic.groupby('Age').count().loc[:, 'Fare'].values

plt.scatter(x,y,'k.')
plt.ylabel('Number of People on Board')
plt.xlabel('Age of Person')
plt.show()
------------------

[1;31m---------------------------------------------------------------------------[0m
[1;31mValueError[0m                                Traceback (most recent call last)
Input [1;32mIn [3][0m, in [0;36m<cell line: 4>[1;34m()[0m
[0;32m      1[0m x[38;5;241m=[39mtitanic[38;5;241m.[39mgroupby([38;5;124m'[39m[38;5;124mAge[39m[38;5;124m'[39m)[38;5;241m.[39mcount()[38;5;241m.[39mloc[:, [38;5;124m'[39m[38;5;124mFare[39m[38;5;124m'[39m][38;5;241m.[39mindex[38;5;241m.[39mvalues
[0;32m      2[0m y[38;5;241m=[39mtitanic[38;5;241m.[39mgroupby([38;5;124m'[39m[38;5;124mAge[39m[38;5;124m'[39m)[38;5;241m.[39mcount()[38;5;241m.[39mloc[:, [38;5;124m'[39m[38;5;124mFare[39m[38;5;124m'[39m][38;5;241m.[39mvalues
[1;32m----> 4[0m [43mplt[49m[38;5;241;43m.[39;49m[43mscatter[49m[43m([49m[43mx[49m[43m,[49m[43my[49m[43m,[49m[38;5;124;43m'[39;49m[38;5;124;43mk.[39;49m[38;5;124;43m'[39;49m[43m)[49m
[0;32m      5[0m plt[38;5;241m.[39mylabel([38;5;124m'[39m[38;5;124mNumber of People on Board[39m[38;5;124m'[39m)
[0;32m      6[0m plt[38;5;241m.[39mxlabel([38;5;124m'[39m[38;5;124mAge of Person[39m[38;5;124m'[39m)

File [1;32m~\anaconda3\lib\site-packages\matplotlib\pyplot.py:2807[0m, in [0;36mscatter[1;34m(x, y, s, c, marker, cmap, norm, vmin, vmax, alpha, linewidths, edgecolors, plotnonfinite, data, **kwargs)[0m
[0;32m   2802[0m [38;5;129m@_copy_docstring_and_deprecators[39m(Axes[38;5;241m.[39mscatter)
[0;32m   2803[0m [38;5;28;01mdef[39;00m [38;5;21mscatter[39m(
[0;32m   2804[0m         x, y, s[38;5;241m=[39m[38;5;28;01mNone[39;00m, c[38;5;241m=[39m[38;5;28;01mNone[39;00m, marker[38;5;241m=[39m[38;5;28;01mNone[39;00m, cmap[38;5;241m=[39m[38;5;28;01mNone[39;00m, norm[38;5;241m=[39m[38;5;28;01mNone[39;00m,
[0;32m   2805[0m         vmin[38;5;241m=[39m[38;5;28;01mNone[39;00m, vmax[38;5;241m=[39m[38;5;28;01mNone[39;00m, alpha[38;5;241m=[39m[38;5;28;01mNone[39;00m, linewidths[38;5;241m=[39m[38;5;28;01mNone[39;00m, [38;5;241m*[39m,
[0;32m   2806[0m         edgecolors[38;5;241m=[39m[38;5;28;01mNone[39;00m, plotnonfinite[38;5;241m=[39m[38;5;28;01mFalse[39;00m, data[38;5;241m=[39m[38;5;28;01mNone[39;00m, [38;5;241m*[39m[38;5;241m*[39mkwargs):
[1;32m-> 2807[0m     __ret [38;5;241m=[39m [43mgca[49m[43m([49m[43m)[49m[38;5;241;43m.[39;49m[43mscatter[49m[43m([49m
[0;32m   2808[0m [43m        [49m[43mx[49m[43m,[49m[43m [49m[43my[49m[43m,[49m[43m [49m[43ms[49m[38;5;241;43m=[39;49m[43ms[49m[43m,[49m[43m [49m[43mc[49m[38;5;241;43m=[39;49m[43mc[49m[43m,[49m[43m [49m[43mmarker[49m[38;5;241;43m=[39;49m[43mmarker[49m[43m,[49m[43m [49m[43mcmap[49m[38;5;241;43m=[39;49m[43mcmap[49m[43m,[49m[43m [49m[43mnorm[49m[38;5;241;43m=[39;49m[43mnorm[49m[43m,[49m
[0;32m   2809[0m [43m        [49m[43mvmin[49m[38;5;241;43m=[39;49m[43mvmin[49m[43m,[49m[43m [49m[43mvmax[49m[38;5;241;43m=[39;49m[43mvmax[49m[43m,[49m[43m [49m[43malpha[49m[38;5;241;43m=[39;49m[43malpha[49m[43m,[49m[43m [49m[43mlinewidths[49m[38;5;241;43m=[39;49m[43mlinewidths[49m[43m,[49m
[0;32m   2810[0m [43m        [49m[43medgecolors[49m[38;5;241;43m=[39;49m[43medgecolors[49m[43m,[49m[43m [49m[43mplotnonfinite[49m[38;5;241;43m=[39;49m[43mplotnonfinite[49m[43m,[49m
[0;32m   2811[0m [43m        [49m[38;5;241;43m*[39;49m[38;5;241;43m*[39;49m[43m([49m[43m{[49m[38;5;124;43m"[39;49m[38;5;124;43mdata[39;49m[38;5;124;43m"[39;49m[43m:[49m[43m [49m[43mdata[49m[43m}[49m[43m [49m[38;5;28;43;01mif[39;49;00m[43m [49m[43mdata[49m[43m [49m[38;5;129;43;01mis[39;49;00m[43m [49m[38;5;129;43;01mnot[39;49;00m[43m [49m[38;5;28;43;01mNone[39;49;00m[43m [49m[38;5;28;43;01melse[39;49;00m[43m [49m[43m{[49m[43m}[49m[43m)[49m[43m,[49m[43m [49m[38;5;241;43m*[39;49m[38;5;241;43m*[39;49m[43mkwargs[49m[43m)[49m
[0;32m   2812[0m     sci(__ret)
[0;32m   2813[0m     [38;5;28;01mreturn[39;00m __ret

File [1;32m~\anaconda3\lib\site-packages\matplotlib\__init__.py:1412[0m, in [0;36m_preprocess_data.<locals>.inner[1;34m(ax, data, *args, **kwargs)[0m
[0;32m   1409[0m [38;5;129m@functools[39m[38;5;241m.[39mwraps(func)
[0;32m   1410[0m [38;5;28;01mdef[39;00m [38;5;21minner[39m(ax, [38;5;241m*[39margs, data[38;5;241m=[39m[38;5;28;01mNone[39;00m, [38;5;241m*[39m[38;5;241m*[39mkwargs):
[0;32m   1411[0m     [38;5;28;01mif[39;00m data [38;5;129;01mis[39;00m [38;5;28;01mNone[39;00m:
[1;32m-> 1412[0m         [38;5;28;01mreturn[39;00m [43mfunc[49m[43m([49m[43max[49m[43m,[49m[43m [49m[38;5;241;43m*[39;49m[38;5;28;43mmap[39;49m[43m([49m[43msanitize_sequence[49m[43m,[49m[43m [49m[43margs[49m[43m)[49m[43m,[49m[43m [49m[38;5;241;43m*[39;49m[38;5;241;43m*[39;49m[43mkwargs[49m[43m)[49m
[0;32m   1414[0m     bound [38;5;241m=[39m new_sig[38;5;241m.[39mbind(ax, [38;5;241m*[39margs, [38;5;241m*[39m[38;5;241m*[39mkwargs)
[0;32m   1415[0m     auto_label [38;5;241m=[39m (bound[38;5;241m.[39marguments[38;5;241m.[39mget(label_namer)
[0;32m   1416[0m                   [38;5;129;01mor[39;00m bound[38;5;241m.[39mkwargs[38;5;241m.[39mget(label_namer))

File [1;32m~\anaconda3\lib\site-packages\matplotlib\axes\_axes.py:4378[0m, in [0;36mAxes.scatter[1;34m(self, x, y, s, c, marker, cmap, norm, vmin, vmax, alpha, linewidths, edgecolors, plotnonfinite, **kwargs)[0m
[0;32m   4374[0m s [38;5;241m=[39m np[38;5;241m.[39mma[38;5;241m.[39mravel(s)
[0;32m   4375[0m [38;5;28;01mif[39;00m ([38;5;28mlen[39m(s) [38;5;129;01mnot[39;00m [38;5;129;01min[39;00m ([38;5;241m1[39m, x[38;5;241m.[39msize) [38;5;129;01mor[39;00m
[0;32m   4376[0m         ([38;5;129;01mnot[39;00m np[38;5;241m.[39missubdtype(s[38;5;241m.[39mdtype, np[38;5;241m.[39mfloating) [38;5;129;01mand[39;00m
[0;32m   4377[0m          [38;5;129;01mnot[39;00m np[38;5;241m.[39missubdtype(s[38;5;241m.[39mdtype, np[38;5;241m.[39minteger))):
[1;32m-> 4378[0m     [38;5;28;01mraise[39;00m [38;5;167;01mValueError[39;00m(
[0;32m   4379[0m         [38;5;124m"[39m[38;5;124ms must be a scalar, [39m[38;5;124m"[39m
[0;32m   4380[0m         [38;5;124m"[39m[38;5;124mor float array-like with the same size as x and y[39m[38;5;124m"[39m)
[0;32m   4382[0m [38;5;66;03m# get the original edgecolor the user passed before we normalize[39;00m
[0;32m   4383[0m orig_edgecolor [38;5;241m=[39m edgecolors

[1;31mValueError[0m: s must be a scalar, or float array-like with the same size as x and y
ValueError: s must be a scalar, or float array-like with the same size as x and y

