Traceback (most recent call last):
  File "C:\Users\Sean\anaconda3\lib\site-packages\jupyter_cache\executors\utils.py", line 51, in single_nb_execution
    executenb(
  File "C:\Users\Sean\anaconda3\lib\site-packages\nbclient\client.py", line 1112, in execute
    return NotebookClient(nb=nb, resources=resources, km=km, **kwargs).execute()
  File "C:\Users\Sean\anaconda3\lib\site-packages\nbclient\util.py", line 74, in wrapped
    return just_run(coro(*args, **kwargs))
  File "C:\Users\Sean\anaconda3\lib\site-packages\nbclient\util.py", line 53, in just_run
    return loop.run_until_complete(coro)
  File "C:\Users\Sean\anaconda3\lib\asyncio\base_events.py", line 616, in run_until_complete
    return future.result()
  File "C:\Users\Sean\anaconda3\lib\site-packages\nbclient\client.py", line 553, in async_execute
    await self.async_execute_cell(
  File "C:\Users\Sean\anaconda3\lib\site-packages\nbclient\client.py", line 857, in async_execute_cell
    self._check_raise_for_error(cell, exec_reply)
  File "C:\Users\Sean\anaconda3\lib\site-packages\nbclient\client.py", line 760, in _check_raise_for_error
    raise CellExecutionError.from_cell_and_msg(cell, exec_reply_content)
nbclient.exceptions.CellExecutionError: An error occurred while executing the following cell:
------------------
import pandas as pd
from pathlib import Path

# path is for directory of file
path=Path(r"C:\Users\sgc\Google Drive\Teaching\2114 & 3114 Math I & II\git_2114_3114\data for practice")
filename='Student credit hours dept numbers.xlsx'
#fullpath puts together the directory path and filename
fullpath=path / filename

# read with pandas read_excel() or read_csv()
raw_excel=pd.read_excel(fullpath)
raw_excel.head(10)
------------------

[1;31m---------------------------------------------------------------------------[0m
[1;31mFileNotFoundError[0m                         Traceback (most recent call last)
[1;32m~\AppData\Local\Temp/ipykernel_3080/3070124798.py[0m in [0;36m<module>[1;34m[0m
[0;32m      9[0m [1;33m[0m[0m
[0;32m     10[0m [1;31m# read with pandas read_excel() or read_csv()[0m[1;33m[0m[1;33m[0m[1;33m[0m[0m
[1;32m---> 11[1;33m [0mraw_excel[0m[1;33m=[0m[0mpd[0m[1;33m.[0m[0mread_excel[0m[1;33m([0m[0mfullpath[0m[1;33m)[0m[1;33m[0m[1;33m[0m[0m
[0m[0;32m     12[0m [0mraw_excel[0m[1;33m.[0m[0mhead[0m[1;33m([0m[1;36m10[0m[1;33m)[0m[1;33m[0m[1;33m[0m[0m

[1;32m~\anaconda3\lib\site-packages\pandas\util\_decorators.py[0m in [0;36mwrapper[1;34m(*args, **kwargs)[0m
[0;32m    309[0m                     [0mstacklevel[0m[1;33m=[0m[0mstacklevel[0m[1;33m,[0m[1;33m[0m[1;33m[0m[0m
[0;32m    310[0m                 )
[1;32m--> 311[1;33m             [1;32mreturn[0m [0mfunc[0m[1;33m([0m[1;33m*[0m[0margs[0m[1;33m,[0m [1;33m**[0m[0mkwargs[0m[1;33m)[0m[1;33m[0m[1;33m[0m[0m
[0m[0;32m    312[0m [1;33m[0m[0m
[0;32m    313[0m         [1;32mreturn[0m [0mwrapper[0m[1;33m[0m[1;33m[0m[0m

[1;32m~\anaconda3\lib\site-packages\pandas\io\excel\_base.py[0m in [0;36mread_excel[1;34m(io, sheet_name, header, names, index_col, usecols, squeeze, dtype, engine, converters, true_values, false_values, skiprows, nrows, na_values, keep_default_na, na_filter, verbose, parse_dates, date_parser, thousands, comment, skipfooter, convert_float, mangle_dupe_cols, storage_options)[0m
[0;32m    362[0m     [1;32mif[0m [1;32mnot[0m [0misinstance[0m[1;33m([0m[0mio[0m[1;33m,[0m [0mExcelFile[0m[1;33m)[0m[1;33m:[0m[1;33m[0m[1;33m[0m[0m
[0;32m    363[0m         [0mshould_close[0m [1;33m=[0m [1;32mTrue[0m[1;33m[0m[1;33m[0m[0m
[1;32m--> 364[1;33m         [0mio[0m [1;33m=[0m [0mExcelFile[0m[1;33m([0m[0mio[0m[1;33m,[0m [0mstorage_options[0m[1;33m=[0m[0mstorage_options[0m[1;33m,[0m [0mengine[0m[1;33m=[0m[0mengine[0m[1;33m)[0m[1;33m[0m[1;33m[0m[0m
[0m[0;32m    365[0m     [1;32melif[0m [0mengine[0m [1;32mand[0m [0mengine[0m [1;33m!=[0m [0mio[0m[1;33m.[0m[0mengine[0m[1;33m:[0m[1;33m[0m[1;33m[0m[0m
[0;32m    366[0m         raise ValueError(

[1;32m~\anaconda3\lib\site-packages\pandas\io\excel\_base.py[0m in [0;36m__init__[1;34m(self, path_or_buffer, engine, storage_options)[0m
[0;32m   1189[0m                 [0mext[0m [1;33m=[0m [1;34m"xls"[0m[1;33m[0m[1;33m[0m[0m
[0;32m   1190[0m             [1;32melse[0m[1;33m:[0m[1;33m[0m[1;33m[0m[0m
[1;32m-> 1191[1;33m                 ext = inspect_excel_format(
[0m[0;32m   1192[0m                     [0mcontent_or_path[0m[1;33m=[0m[0mpath_or_buffer[0m[1;33m,[0m [0mstorage_options[0m[1;33m=[0m[0mstorage_options[0m[1;33m[0m[1;33m[0m[0m
[0;32m   1193[0m                 )

[1;32m~\anaconda3\lib\site-packages\pandas\io\excel\_base.py[0m in [0;36minspect_excel_format[1;34m(content_or_path, storage_options)[0m
[0;32m   1068[0m         [0mcontent_or_path[0m [1;33m=[0m [0mBytesIO[0m[1;33m([0m[0mcontent_or_path[0m[1;33m)[0m[1;33m[0m[1;33m[0m[0m
[0;32m   1069[0m [1;33m[0m[0m
[1;32m-> 1070[1;33m     with get_handle(
[0m[0;32m   1071[0m         [0mcontent_or_path[0m[1;33m,[0m [1;34m"rb"[0m[1;33m,[0m [0mstorage_options[0m[1;33m=[0m[0mstorage_options[0m[1;33m,[0m [0mis_text[0m[1;33m=[0m[1;32mFalse[0m[1;33m[0m[1;33m[0m[0m
[0;32m   1072[0m     ) as handle:

[1;32m~\anaconda3\lib\site-packages\pandas\io\common.py[0m in [0;36mget_handle[1;34m(path_or_buf, mode, encoding, compression, memory_map, is_text, errors, storage_options)[0m
[0;32m    708[0m         [1;32melse[0m[1;33m:[0m[1;33m[0m[1;33m[0m[0m
[0;32m    709[0m             [1;31m# Binary mode[0m[1;33m[0m[1;33m[0m[1;33m[0m[0m
[1;32m--> 710[1;33m             [0mhandle[0m [1;33m=[0m [0mopen[0m[1;33m([0m[0mhandle[0m[1;33m,[0m [0mioargs[0m[1;33m.[0m[0mmode[0m[1;33m)[0m[1;33m[0m[1;33m[0m[0m
[0m[0;32m    711[0m         [0mhandles[0m[1;33m.[0m[0mappend[0m[1;33m([0m[0mhandle[0m[1;33m)[0m[1;33m[0m[1;33m[0m[0m
[0;32m    712[0m [1;33m[0m[0m

[1;31mFileNotFoundError[0m: [Errno 2] No such file or directory: 'C:\\Users\\sgc\\Google Drive\\Teaching\\2114 & 3114 Math I & II\\git_2114_3114\\data for practice\\Student credit hours dept numbers.xlsx'
FileNotFoundError: [Errno 2] No such file or directory: 'C:\\Users\\sgc\\Google Drive\\Teaching\\2114 & 3114 Math I & II\\git_2114_3114\\data for practice\\Student credit hours dept numbers.xlsx'

